{"uid":"432af03d2feef795","name":"test_inquire_error[test_info1]","fullName":"Tests.TestInquire.test_inquire.TestInquire#test_inquire_error","historyId":"9119fd12e448fc1535a40fd32395bc4e","time":{"start":1690275052791,"stop":1690275053659,"duration":868},"status":"failed","statusMessage":"AssertionError: 没有找到匹配结果\nassert '对不起，没有找到匹配结果。' in 'wuchen111 | |我的 |设置 |消息 |提醒 |退出'","statusTrace":"sefl = <Tests.TestInquire.test_inquire.TestInquire object at 0x105c0b280>\ntest_info = {'CaseName': '查询_失败_没有找到匹配结果2', 'expected': '对不起，没有找到匹配结果。', 'iqname': '，。，。，。，。，，。'}\nlogin_page = <selenium.webdriver.chrome.webdriver.WebDriver (session=\"55cbad420976bf34ab9d62c7dc78b0c9\")>\n\n    @pytest.mark.parametrize(\"test_info\", cases_error)\n    def test_inquire_error(sefl, test_info, login_page):\n        logger.info(f\" 执行 {sys._getframe().f_code.co_name} 测试用例 \")\n        driver = login_page\n        inquire_page = InquirePage(driver)\n        logger.info(f\" 查询异常测试用例：{test_info['CaseName']} \")\n        inquire_page.get().inquire(test_info['iqname'])\n        user_info = inquire_page.get_inquire_error()\n        logger.info(f\"预期结果：{test_info['expected']}\")\n        logger.info(f\"实际结果：{user_info}\")\n        try:\n            assert test_info[\"expected\"] in user_info, \"没有找到匹配结果\"\n            logger.info(f\" 结束执行 {sys._getframe().f_code.co_name} 测试用例， 测试结果 --- PASS \")\n        except AssertionError as e:\n            logger.error(f\" 结束执行 {sys._getframe().f_code.co_name} 测试用例， 测试结果 --- Fail \")\n            inquire_page.save_screenshot(f\"失败用例截图：{(test_info['CaseName'])}\")\n>           raise e\n\nTests/TestInquire/test_inquire.py:51: \n_ _ _ _ _ _ _ _ _ _ _ _ _ _ _ _ _ _ _ _ _ _ _ _ _ _ _ _ _ _ _ _ _ _ _ _ _ _ _ _ _ _ _ _ _ _ \n\nsefl = <Tests.TestInquire.test_inquire.TestInquire object at 0x105c0b280>\ntest_info = {'CaseName': '查询_失败_没有找到匹配结果2', 'expected': '对不起，没有找到匹配结果。', 'iqname': '，。，。，。，。，，。'}\nlogin_page = <selenium.webdriver.chrome.webdriver.WebDriver (session=\"55cbad420976bf34ab9d62c7dc78b0c9\")>\n\n    @pytest.mark.parametrize(\"test_info\", cases_error)\n    def test_inquire_error(sefl, test_info, login_page):\n        logger.info(f\" 执行 {sys._getframe().f_code.co_name} 测试用例 \")\n        driver = login_page\n        inquire_page = InquirePage(driver)\n        logger.info(f\" 查询异常测试用例：{test_info['CaseName']} \")\n        inquire_page.get().inquire(test_info['iqname'])\n        user_info = inquire_page.get_inquire_error()\n        logger.info(f\"预期结果：{test_info['expected']}\")\n        logger.info(f\"实际结果：{user_info}\")\n        try:\n>           assert test_info[\"expected\"] in user_info, \"没有找到匹配结果\"\nE           AssertionError: 没有找到匹配结果\nE           assert '对不起，没有找到匹配结果。' in 'wuchen111 | |我的 |设置 |消息 |提醒 |退出'\n\nTests/TestInquire/test_inquire.py:46: AssertionError","flaky":false,"newFailed":false,"newBroken":false,"newPassed":false,"retriesCount":0,"retriesStatusChange":false,"beforeStages":[{"name":"_session_faker","time":{"start":1690275019229,"stop":1690275019252,"duration":23},"status":"passed","steps":[],"attachments":[],"parameters":[],"hasContent":false,"shouldDisplayMessage":false,"stepsCount":0,"attachmentsCount":0},{"name":"browser","time":{"start":1690275019253,"stop":1690275022235,"duration":2982},"status":"passed","steps":[],"attachments":[],"parameters":[],"hasContent":false,"shouldDisplayMessage":false,"stepsCount":0,"attachmentsCount":0},{"name":"login_page","time":{"start":1690275022235,"stop":1690275028310,"duration":6075},"status":"passed","steps":[],"attachments":[],"parameters":[],"hasContent":false,"shouldDisplayMessage":false,"stepsCount":0,"attachmentsCount":0}],"testStage":{"status":"failed","statusMessage":"AssertionError: 没有找到匹配结果\nassert '对不起，没有找到匹配结果。' in 'wuchen111 | |我的 |设置 |消息 |提醒 |退出'","statusTrace":"sefl = <Tests.TestInquire.test_inquire.TestInquire object at 0x105c0b280>\ntest_info = {'CaseName': '查询_失败_没有找到匹配结果2', 'expected': '对不起，没有找到匹配结果。', 'iqname': '，。，。，。，。，，。'}\nlogin_page = <selenium.webdriver.chrome.webdriver.WebDriver (session=\"55cbad420976bf34ab9d62c7dc78b0c9\")>\n\n    @pytest.mark.parametrize(\"test_info\", cases_error)\n    def test_inquire_error(sefl, test_info, login_page):\n        logger.info(f\" 执行 {sys._getframe().f_code.co_name} 测试用例 \")\n        driver = login_page\n        inquire_page = InquirePage(driver)\n        logger.info(f\" 查询异常测试用例：{test_info['CaseName']} \")\n        inquire_page.get().inquire(test_info['iqname'])\n        user_info = inquire_page.get_inquire_error()\n        logger.info(f\"预期结果：{test_info['expected']}\")\n        logger.info(f\"实际结果：{user_info}\")\n        try:\n            assert test_info[\"expected\"] in user_info, \"没有找到匹配结果\"\n            logger.info(f\" 结束执行 {sys._getframe().f_code.co_name} 测试用例， 测试结果 --- PASS \")\n        except AssertionError as e:\n            logger.error(f\" 结束执行 {sys._getframe().f_code.co_name} 测试用例， 测试结果 --- Fail \")\n            inquire_page.save_screenshot(f\"失败用例截图：{(test_info['CaseName'])}\")\n>           raise e\n\nTests/TestInquire/test_inquire.py:51: \n_ _ _ _ _ _ _ _ _ _ _ _ _ _ _ _ _ _ _ _ _ _ _ _ _ _ _ _ _ _ _ _ _ _ _ _ _ _ _ _ _ _ _ _ _ _ \n\nsefl = <Tests.TestInquire.test_inquire.TestInquire object at 0x105c0b280>\ntest_info = {'CaseName': '查询_失败_没有找到匹配结果2', 'expected': '对不起，没有找到匹配结果。', 'iqname': '，。，。，。，。，，。'}\nlogin_page = <selenium.webdriver.chrome.webdriver.WebDriver (session=\"55cbad420976bf34ab9d62c7dc78b0c9\")>\n\n    @pytest.mark.parametrize(\"test_info\", cases_error)\n    def test_inquire_error(sefl, test_info, login_page):\n        logger.info(f\" 执行 {sys._getframe().f_code.co_name} 测试用例 \")\n        driver = login_page\n        inquire_page = InquirePage(driver)\n        logger.info(f\" 查询异常测试用例：{test_info['CaseName']} \")\n        inquire_page.get().inquire(test_info['iqname'])\n        user_info = inquire_page.get_inquire_error()\n        logger.info(f\"预期结果：{test_info['expected']}\")\n        logger.info(f\"实际结果：{user_info}\")\n        try:\n>           assert test_info[\"expected\"] in user_info, \"没有找到匹配结果\"\nE           AssertionError: 没有找到匹配结果\nE           assert '对不起，没有找到匹配结果。' in 'wuchen111 | |我的 |设置 |消息 |提醒 |退出'\n\nTests/TestInquire/test_inquire.py:46: AssertionError","steps":[],"attachments":[{"uid":"16a5d096480a77b0","name":"log","source":"16a5d096480a77b0.txt","type":"text/plain","size":504022}],"parameters":[],"hasContent":true,"shouldDisplayMessage":true,"stepsCount":0,"attachmentsCount":1},"afterStages":[{"name":"login_page::0","time":{"start":1690275120603,"stop":1690275120603,"duration":0},"status":"passed","steps":[],"attachments":[],"parameters":[],"hasContent":false,"shouldDisplayMessage":false,"stepsCount":0,"attachmentsCount":0},{"name":"browser::0","time":{"start":1690275120604,"stop":1690275120729,"duration":125},"status":"passed","steps":[],"attachments":[],"parameters":[],"hasContent":false,"shouldDisplayMessage":false,"stepsCount":0,"attachmentsCount":0}],"labels":[{"name":"parentSuite","value":"Tests.TestInquire"},{"name":"suite","value":"test_inquire"},{"name":"subSuite","value":"TestInquire"},{"name":"host","value":"wuchendeMacBook-Air.local"},{"name":"thread","value":"81653-MainThread"},{"name":"framework","value":"pytest"},{"name":"language","value":"cpython3"},{"name":"package","value":"Tests.TestInquire.test_inquire"},{"name":"resultFormat","value":"allure2"}],"parameters":[{"name":"test_info","value":"{'CaseName': '查询_失败_没有找到匹配结果2', 'iqname': '，。，。，。，。，，。', 'expected': '对不起，没有找到匹配结果。'}"}],"links":[],"hidden":false,"retry":false,"extra":{"severity":"normal","retries":[],"categories":[{"name":"Product defects","matchedStatuses":[],"flaky":false}],"tags":[]},"source":"432af03d2feef795.json","parameterValues":["{'CaseName': '查询_失败_没有找到匹配结果2', 'iqname': '，。，。，。，。，，。', 'expected': '对不起，没有找到匹配结果。'}"]}