{"uid":"e842f68d1d5d8ea1","name":"test_inquire_error[test_info1]","fullName":"Tests.TestInquire.test_inquire.TestInquire#test_inquire_error","historyId":"9119fd12e448fc1535a40fd32395bc4e","time":{"start":1689922477042,"stop":1689922477648,"duration":606},"status":"failed","statusMessage":"AssertionError: 没有找到匹配结果\nassert '对不起，没有找到匹配结果。' in 'wuchen111 | |我的 |设置 |消息 |提醒 |退出'","statusTrace":"sefl = <test_inquire.TestInquire object at 0x1093fab60>\ntest_info = {'expected': '对不起，没有找到匹配结果。', 'iqname': '，。，。，。，。，，。'}\nlogin_page = <selenium.webdriver.chrome.webdriver.WebDriver (session=\"58a3eb6077756d796194dc45e6f2ef98\")>\n\n    @pytest.mark.parametrize(\"test_info\", cases_error)\n    def test_inquire_error(sefl, test_info, login_page):\n        driver = login_page\n        inquire_page = InquirePage(driver)\n        inquire_page.get().inquire(test_info['iqname'])\n        user_info = inquire_page.get_inquire_error()\n        try:\n            assert test_info[\"expected\"] in user_info, \"没有找到匹配结果\"\n        except AssertionError as e:\n>           raise e\n\nTests/TestInquire/test_inquire.py:31: \n_ _ _ _ _ _ _ _ _ _ _ _ _ _ _ _ _ _ _ _ _ _ _ _ _ _ _ _ _ _ _ _ _ _ _ _ _ _ _ _ _ _ _ _ _ _ _ _ _\n\nsefl = <test_inquire.TestInquire object at 0x1093fab60>\ntest_info = {'expected': '对不起，没有找到匹配结果。', 'iqname': '，。，。，。，。，，。'}\nlogin_page = <selenium.webdriver.chrome.webdriver.WebDriver (session=\"58a3eb6077756d796194dc45e6f2ef98\")>\n\n    @pytest.mark.parametrize(\"test_info\", cases_error)\n    def test_inquire_error(sefl, test_info, login_page):\n        driver = login_page\n        inquire_page = InquirePage(driver)\n        inquire_page.get().inquire(test_info['iqname'])\n        user_info = inquire_page.get_inquire_error()\n        try:\n>           assert test_info[\"expected\"] in user_info, \"没有找到匹配结果\"\nE           AssertionError: 没有找到匹配结果\nE           assert '对不起，没有找到匹配结果。' in 'wuchen111 | |我的 |设置 |消息 |提醒 |退出'\n\nTests/TestInquire/test_inquire.py:29: AssertionError","flaky":false,"newFailed":false,"newBroken":false,"newPassed":false,"retriesCount":0,"retriesStatusChange":false,"beforeStages":[{"name":"_session_faker","time":{"start":1689922443753,"stop":1689922443774,"duration":21},"status":"passed","steps":[],"attachments":[],"parameters":[],"hasContent":false,"shouldDisplayMessage":false,"stepsCount":0,"attachmentsCount":0},{"name":"browser","time":{"start":1689922443774,"stop":1689922446646,"duration":2872},"status":"passed","steps":[],"attachments":[],"parameters":[],"hasContent":false,"shouldDisplayMessage":false,"stepsCount":0,"attachmentsCount":0},{"name":"login_page","time":{"start":1689922446646,"stop":1689922452769,"duration":6123},"status":"passed","steps":[],"attachments":[],"parameters":[],"hasContent":false,"shouldDisplayMessage":false,"stepsCount":0,"attachmentsCount":0}],"testStage":{"status":"failed","statusMessage":"AssertionError: 没有找到匹配结果\nassert '对不起，没有找到匹配结果。' in 'wuchen111 | |我的 |设置 |消息 |提醒 |退出'","statusTrace":"sefl = <test_inquire.TestInquire object at 0x1093fab60>\ntest_info = {'expected': '对不起，没有找到匹配结果。', 'iqname': '，。，。，。，。，，。'}\nlogin_page = <selenium.webdriver.chrome.webdriver.WebDriver (session=\"58a3eb6077756d796194dc45e6f2ef98\")>\n\n    @pytest.mark.parametrize(\"test_info\", cases_error)\n    def test_inquire_error(sefl, test_info, login_page):\n        driver = login_page\n        inquire_page = InquirePage(driver)\n        inquire_page.get().inquire(test_info['iqname'])\n        user_info = inquire_page.get_inquire_error()\n        try:\n            assert test_info[\"expected\"] in user_info, \"没有找到匹配结果\"\n        except AssertionError as e:\n>           raise e\n\nTests/TestInquire/test_inquire.py:31: \n_ _ _ _ _ _ _ _ _ _ _ _ _ _ _ _ _ _ _ _ _ _ _ _ _ _ _ _ _ _ _ _ _ _ _ _ _ _ _ _ _ _ _ _ _ _ _ _ _\n\nsefl = <test_inquire.TestInquire object at 0x1093fab60>\ntest_info = {'expected': '对不起，没有找到匹配结果。', 'iqname': '，。，。，。，。，，。'}\nlogin_page = <selenium.webdriver.chrome.webdriver.WebDriver (session=\"58a3eb6077756d796194dc45e6f2ef98\")>\n\n    @pytest.mark.parametrize(\"test_info\", cases_error)\n    def test_inquire_error(sefl, test_info, login_page):\n        driver = login_page\n        inquire_page = InquirePage(driver)\n        inquire_page.get().inquire(test_info['iqname'])\n        user_info = inquire_page.get_inquire_error()\n        try:\n>           assert test_info[\"expected\"] in user_info, \"没有找到匹配结果\"\nE           AssertionError: 没有找到匹配结果\nE           assert '对不起，没有找到匹配结果。' in 'wuchen111 | |我的 |设置 |消息 |提醒 |退出'\n\nTests/TestInquire/test_inquire.py:29: AssertionError","steps":[],"attachments":[{"uid":"f022f0e6075e5fd7","name":"log","source":"f022f0e6075e5fd7.txt","type":"text/plain","size":52306}],"parameters":[],"hasContent":true,"shouldDisplayMessage":true,"stepsCount":0,"attachmentsCount":1},"afterStages":[{"name":"login_page::0","time":{"start":1689922545302,"stop":1689922545302,"duration":0},"status":"passed","steps":[],"attachments":[],"parameters":[],"hasContent":false,"shouldDisplayMessage":false,"stepsCount":0,"attachmentsCount":0},{"name":"browser::0","time":{"start":1689922545303,"stop":1689922545420,"duration":117},"status":"passed","steps":[],"attachments":[],"parameters":[],"hasContent":false,"shouldDisplayMessage":false,"stepsCount":0,"attachmentsCount":0}],"labels":[{"name":"parentSuite","value":"Tests.TestInquire"},{"name":"suite","value":"test_inquire"},{"name":"subSuite","value":"TestInquire"},{"name":"host","value":"wuchendeMacBook-Air.local"},{"name":"thread","value":"63560-MainThread"},{"name":"framework","value":"pytest"},{"name":"language","value":"cpython3"},{"name":"package","value":"Tests.TestInquire.test_inquire"},{"name":"resultFormat","value":"allure2"}],"parameters":[{"name":"test_info","value":"{'iqname': '，。，。，。，。，，。', 'expected': '对不起，没有找到匹配结果。'}"}],"links":[],"hidden":false,"retry":false,"extra":{"severity":"normal","retries":[],"categories":[{"name":"Product defects","matchedStatuses":[],"flaky":false}],"tags":[]},"source":"e842f68d1d5d8ea1.json","parameterValues":["{'iqname': '，。，。，。，。，，。', 'expected': '对不起，没有找到匹配结果。'}"]}