{"name": "test_inquire_error[test_info1]", "status": "failed", "statusDetails": {"message": "AssertionError: 没有找到匹配结果\nassert '对不起，没有找到匹配结果。' in 'wuchen111 | |我的 |设置 |消息 |提醒 |退出'", "trace": "sefl = <test_inquire.TestInquire object at 0x1093fab60>\ntest_info = {'expected': '对不起，没有找到匹配结果。', 'iqname': '，。，。，。，。，，。'}\nlogin_page = <selenium.webdriver.chrome.webdriver.WebDriver (session=\"58a3eb6077756d796194dc45e6f2ef98\")>\n\n    @pytest.mark.parametrize(\"test_info\", cases_error)\n    def test_inquire_error(sefl, test_info, login_page):\n        driver = login_page\n        inquire_page = InquirePage(driver)\n        inquire_page.get().inquire(test_info['iqname'])\n        user_info = inquire_page.get_inquire_error()\n        try:\n            assert test_info[\"expected\"] in user_info, \"没有找到匹配结果\"\n        except AssertionError as e:\n>           raise e\n\nTests/TestInquire/test_inquire.py:31: \n_ _ _ _ _ _ _ _ _ _ _ _ _ _ _ _ _ _ _ _ _ _ _ _ _ _ _ _ _ _ _ _ _ _ _ _ _ _ _ _ _ _ _ _ _ _ _ _ _\n\nsefl = <test_inquire.TestInquire object at 0x1093fab60>\ntest_info = {'expected': '对不起，没有找到匹配结果。', 'iqname': '，。，。，。，。，，。'}\nlogin_page = <selenium.webdriver.chrome.webdriver.WebDriver (session=\"58a3eb6077756d796194dc45e6f2ef98\")>\n\n    @pytest.mark.parametrize(\"test_info\", cases_error)\n    def test_inquire_error(sefl, test_info, login_page):\n        driver = login_page\n        inquire_page = InquirePage(driver)\n        inquire_page.get().inquire(test_info['iqname'])\n        user_info = inquire_page.get_inquire_error()\n        try:\n>           assert test_info[\"expected\"] in user_info, \"没有找到匹配结果\"\nE           AssertionError: 没有找到匹配结果\nE           assert '对不起，没有找到匹配结果。' in 'wuchen111 | |我的 |设置 |消息 |提醒 |退出'\n\nTests/TestInquire/test_inquire.py:29: AssertionError"}, "attachments": [{"name": "log", "source": "612520ab-27d8-40cc-8282-675b910392f1-attachment.txt", "type": "text/plain"}], "parameters": [{"name": "test_info", "value": "{'iqname': '，。，。，。，。，，。', 'expected': '对不起，没有找到匹配结果。'}"}], "start": 1689922477042, "stop": 1689922477648, "uuid": "94db79fb-862f-446a-93ba-8d78820d6682", "historyId": "9119fd12e448fc1535a40fd32395bc4e", "testCaseId": "af933510506f8ce1919bbbeb8c69a1b0", "fullName": "Tests.TestInquire.test_inquire.TestInquire#test_inquire_error", "labels": [{"name": "parentSuite", "value": "Tests.TestInquire"}, {"name": "suite", "value": "test_inquire"}, {"name": "subSuite", "value": "TestInquire"}, {"name": "host", "value": "wuchendeMacBook-Air.local"}, {"name": "thread", "value": "63560-MainThread"}, {"name": "framework", "value": "pytest"}, {"name": "language", "value": "cpython3"}, {"name": "package", "value": "Tests.TestInquire.test_inquire"}]}